# JRE version: OpenJDK Runtime Environment Temurin-21.0.9+10 (21.0.9+10) (build 21.0.9+10-LTS)
# Java VM: OpenJDK 64-Bit Server VM Temurin-21.0.9+10 (21.0.9+10-LTS, mixed mode, sharing, tiered, compressed oops, compressed class ptrs, parallel gc, windows-amd64)
GC Precious Log:
 CardTable entry size: 512
 CPUs: 8 total, 8 available
 Memory: 7916M
 Large Page Support: Disabled
 NUMA Support: Disabled
 Compressed Oops: Enabled (32-bit)
 Alignments: Space 512K, Generation 512K, Heap 2M
 Heap Min Capacity: 100M
 Heap Initial Capacity: 100M
 Heap Max Capacity: 2G
 Pre-touch: Disabled
 Parallel Workers: 8
Heap:
 PSYoungGen      total 5120K, used 1826K [0x00000000d5580000, 0x00000000d5c00000, 0x0000000100000000)
  eden space 4096K, 27% used [0x00000000d5580000,0x00000000d5698b78,0x00000000d5980000)
  from space 1024K, 68% used [0x00000000d5b00000,0x00000000d5bb0000,0x00000000d5c00000)
  to   space 1024K, 0% used [0x00000000d5a00000,0x00000000d5a00000,0x00000000d5b00000)
 ParOldGen       total 947712K, used 947306K [0x0000000080000000, 0x00000000b9d80000, 0x00000000d5580000)
  object space 947712K, 99% used [0x0000000080000000,0x00000000b9d1ab50,0x00000000b9d80000)
 Metaspace       used 76306K, committed 78016K, reserved 1179648K
  class space    used 7924K, committed 8704K, reserved 1048576K
GC Heap History (20 events):
Event: 870.214 GC heap before
{Heap before GC invocations=1852 (full 3):
 PSYoungGen      total 2560K, used 2528K [0x00000000d5580000, 0x00000000d5980000, 0x0000000100000000)
  eden space 2048K, 100% used [0x00000000d5580000,0x00000000d5780000,0x00000000d5780000)
  from space 512K, 93% used [0x00000000d5880000,0x00000000d58f82f8,0x00000000d5900000)
  to   space 1024K, 0% used [0x00000000d5780000,0x00000000d5780000,0x00000000d5880000)
 ParOldGen       total 935424K, used 935088K [0x0000000080000000, 0x00000000b9180000, 0x00000000d5580000)
  object space 935424K, 99% used [0x0000000080000000,0x00000000b912c040,0x00000000b9180000)
 Metaspace       used 76089K, committed 77824K, reserved 1179648K
  class space    used 7923K, committed 8704K, reserved 1048576K
}
Event: 870.218 GC heap after
{Heap after GC invocations=1852 (full 3):
 PSYoungGen      total 3072K, used 1019K [0x00000000d5580000, 0x00000000d5b80000, 0x0000000100000000)
  eden space 2048K, 0% used [0x00000000d5580000,0x00000000d5580000,0x00000000d5780000)
  from space 1024K, 99% used [0x00000000d5780000,0x00000000d587ef48,0x00000000d5880000)
  to   space 2048K, 0% used [0x00000000d5980000,0x00000000d5980000,0x00000000d5b80000)
 ParOldGen       total 935936K, used 935880K [0x0000000080000000, 0x00000000b9200000, 0x00000000d5580000)
  object space 935936K, 99% used [0x0000000080000000,0x00000000b91f2180,0x00000000b9200000)
 Metaspace       used 76089K, committed 77824K, reserved 1179648K
  class space    used 7923K, committed 8704K, reserved 1048576K
}
Event: 870.318 GC heap before
{Heap before GC invocations=1853 (full 3):
 PSYoungGen      total 3072K, used 2997K [0x00000000d5580000, 0x00000000d5b80000, 0x0000000100000000)
  eden space 2048K, 96% used [0x00000000d5580000,0x00000000d576e838,0x00000000d5780000)
  from space 1024K, 99% used [0x00000000d5780000,0x00000000d587ef48,0x00000000d5880000)
  to   space 2048K, 0% used [0x00000000d5980000,0x00000000d5980000,0x00000000d5b80000)
 ParOldGen       total 935936K, used 935880K [0x0000000080000000, 0x00000000b9200000, 0x00000000d5580000)
  object space 935936K, 99% used [0x0000000080000000,0x00000000b91f2180,0x00000000b9200000)
 Metaspace       used 76094K, committed 77824K, reserved 1179648K
  class space    used 7923K, committed 8704K, reserved 1048576K
}
Event: 871.329 GC heap after
{Heap after GC invocations=1853 (full 3):
 PSYoungGen      total 4096K, used 1173K [0x00000000d5580000, 0x00000000d5b00000, 0x0000000100000000)
  eden space 2560K, 0% used [0x00000000d5580000,0x00000000d5580000,0x00000000d5800000)
  from space 1536K, 76% used [0x00000000d5980000,0x00000000d5aa55b8,0x00000000d5b00000)
  to   space 1536K, 0% used [0x00000000d5800000,0x00000000d5800000,0x00000000d5980000)
 ParOldGen       total 937472K, used 936903K [0x0000000080000000, 0x00000000b9380000, 0x00000000d5580000)
  object space 937472K, 99% used [0x0000000080000000,0x00000000b92f1f90,0x00000000b9380000)
 Metaspace       used 76094K, committed 77824K, reserved 1179648K
  class space    used 7923K, committed 8704K, reserved 1048576K
}
Event: 871.420 GC heap before
{Heap before GC invocations=1854 (full 3):
 PSYoungGen      total 4096K, used 3376K [0x00000000d5580000, 0x00000000d5b00000, 0x0000000100000000)
  eden space 2560K, 86% used [0x00000000d5580000,0x00000000d57a6ba8,0x00000000d5800000)
  from space 1536K, 76% used [0x00000000d5980000,0x00000000d5aa55b8,0x00000000d5b00000)
  to   space 1536K, 0% used [0x00000000d5800000,0x00000000d5800000,0x00000000d5980000)
 ParOldGen       total 937472K, used 936903K [0x0000000080000000, 0x00000000b9380000, 0x00000000d5580000)
  object space 937472K, 99% used [0x0000000080000000,0x00000000b92f1f90,0x00000000b9380000)
 Metaspace       used 76100K, committed 77824K, reserved 1179648K
  class space    used 7923K, committed 8704K, reserved 1048576K
}
Event: 871.431 GC heap after
{Heap after GC invocations=1854 (full 3):
 PSYoungGen      total 4096K, used 1531K [0x00000000d5580000, 0x00000000d5c80000, 0x0000000100000000)
  eden space 2560K, 0% used [0x00000000d5580000,0x00000000d5580000,0x00000000d5800000)
  from space 1536K, 99% used [0x00000000d5800000,0x00000000d597eee8,0x00000000d5980000)
  to   space 2048K, 0% used [0x00000000d5a80000,0x00000000d5a80000,0x00000000d5c80000)
 ParOldGen       total 937984K, used 937923K [0x0000000080000000, 0x00000000b9400000, 0x00000000d5580000)
  object space 937984K, 99% used [0x0000000080000000,0x00000000b93f0cc8,0x00000000b9400000)
 Metaspace       used 76100K, committed 77824K, reserved 1179648K
  class space    used 7923K, committed 8704K, reserved 1048576K
}
Event: 871.498 GC heap before
{Heap before GC invocations=1855 (full 3):
 PSYoungGen      total 4096K, used 4091K [0x00000000d5580000, 0x00000000d5c80000, 0x0000000100000000)
  eden space 2560K, 100% used [0x00000000d5580000,0x00000000d5800000,0x00000000d5800000)
  from space 1536K, 99% used [0x00000000d5800000,0x00000000d597eee8,0x00000000d5980000)
  to   space 2048K, 0% used [0x00000000d5a80000,0x00000000d5a80000,0x00000000d5c80000)
 ParOldGen       total 937984K, used 937923K [0x0000000080000000, 0x00000000b9400000, 0x00000000d5580000)
  object space 937984K, 99% used [0x0000000080000000,0x00000000b93f0cc8,0x00000000b9400000)
 Metaspace       used 76101K, committed 77824K, reserved 1179648K
  class space    used 7923K, committed 8704K, reserved 1048576K
}
Event: 871.504 GC heap after
{Heap after GC invocations=1855 (full 3):
 PSYoungGen      total 4608K, used 1793K [0x00000000d5580000, 0x00000000d5c80000, 0x0000000100000000)
  eden space 2560K, 0% used [0x00000000d5580000,0x00000000d5580000,0x00000000d5800000)
  from space 2048K, 87% used [0x00000000d5a80000,0x00000000d5c406a0,0x00000000d5c80000)
  to   space 2048K, 0% used [0x00000000d5880000,0x00000000d5880000,0x00000000d5a80000)
 ParOldGen       total 940032K, used 939303K [0x0000000080000000, 0x00000000b9600000, 0x00000000d5580000)
  object space 940032K, 99% used [0x0000000080000000,0x00000000b9549f60,0x00000000b9600000)
 Metaspace       used 76101K, committed 77824K, reserved 1179648K
  class space    used 7923K, committed 8704K, reserved 1048576K
}
Event: 871.545 GC heap before
{Heap before GC invocations=1856 (full 3):
 PSYoungGen      total 4608K, used 4353K [0x00000000d5580000, 0x00000000d5c80000, 0x0000000100000000)
  eden space 2560K, 100% used [0x00000000d5580000,0x00000000d5800000,0x00000000d5800000)
  from space 2048K, 87% used [0x00000000d5a80000,0x00000000d5c406a0,0x00000000d5c80000)
  to   space 2048K, 0% used [0x00000000d5880000,0x00000000d5880000,0x00000000d5a80000)
 ParOldGen       total 940032K, used 939303K [0x0000000080000000, 0x00000000b9600000, 0x00000000d5580000)
  object space 940032K, 99% used [0x0000000080000000,0x00000000b9549f60,0x00000000b9600000)
 Metaspace       used 76107K, committed 77824K, reserved 1179648K
  class space    used 7923K, committed 8704K, reserved 1048576K
}
Event: 871.554 GC heap after
{Heap after GC invocations=1856 (full 3):
 PSYoungGen      total 4608K, used 2048K [0x00000000d5580000, 0x00000000d6100000, 0x0000000100000000)
  eden space 2560K, 0% used [0x00000000d5580000,0x00000000d5580000,0x00000000d5800000)
  from space 2048K, 100% used [0x00000000d5880000,0x00000000d5a80000,0x00000000d5a80000)
  to   space 4608K, 0% used [0x00000000d5c80000,0x00000000d5c80000,0x00000000d6100000)
 ParOldGen       total 941568K, used 941064K [0x0000000080000000, 0x00000000b9780000, 0x00000000d5580000)
  object space 941568K, 99% used [0x0000000080000000,0x00000000b9702190,0x00000000b9780000)
 Metaspace       used 76107K, committed 77824K, reserved 1179648K
  class space    used 7923K, committed 8704K, reserved 1048576K
}
Event: 871.591 GC heap before
{Heap before GC invocations=1857 (full 3):
 PSYoungGen      total 4608K, used 4608K [0x00000000d5580000, 0x00000000d6100000, 0x0000000100000000)
  eden space 2560K, 100% used [0x00000000d5580000,0x00000000d5800000,0x00000000d5800000)
  from space 2048K, 100% used [0x00000000d5880000,0x00000000d5a80000,0x00000000d5a80000)
  to   space 4608K, 0% used [0x00000000d5c80000,0x00000000d5c80000,0x00000000d6100000)
 ParOldGen       total 941568K, used 941064K [0x0000000080000000, 0x00000000b9780000, 0x00000000d5580000)
  object space 941568K, 99% used [0x0000000080000000,0x00000000b9702190,0x00000000b9780000)
 Metaspace       used 76118K, committed 77824K, reserved 1179648K
  class space    used 7923K, committed 8704K, reserved 1048576K
}
Event: 871.602 GC heap after
{Heap after GC invocations=1857 (full 3):
 PSYoungGen      total 4608K, used 1984K [0x00000000d5580000, 0x00000000d5e80000, 0x0000000100000000)
  eden space 2560K, 0% used [0x00000000d5580000,0x00000000d5580000,0x00000000d5800000)
  from space 2048K, 96% used [0x00000000d5c80000,0x00000000d5e70000,0x00000000d5e80000)
  to   space 3072K, 0% used [0x00000000d5880000,0x00000000d5880000,0x00000000d5b80000)
 ParOldGen       total 943104K, used 943068K [0x0000000080000000, 0x00000000b9900000, 0x00000000d5580000)
  object space 943104K, 99% used [0x0000000080000000,0x00000000b98f71a0,0x00000000b9900000)
 Metaspace       used 76118K, committed 77824K, reserved 1179648K
  class space    used 7923K, committed 8704K, reserved 1048576K
}
Event: 871.730 GC heap before
{Heap before GC invocations=1858 (full 3):
 PSYoungGen      total 4608K, used 4543K [0x00000000d5580000, 0x00000000d5e80000, 0x0000000100000000)
  eden space 2560K, 99% used [0x00000000d5580000,0x00000000d57ffff8,0x00000000d5800000)
  from space 2048K, 96% used [0x00000000d5c80000,0x00000000d5e70000,0x00000000d5e80000)
  to   space 3072K, 0% used [0x00000000d5880000,0x00000000d5880000,0x00000000d5b80000)
 ParOldGen       total 943104K, used 943068K [0x0000000080000000, 0x00000000b9900000, 0x00000000d5580000)
  object space 943104K, 99% used [0x0000000080000000,0x00000000b98f71a0,0x00000000b9900000)
 Metaspace       used 76141K, committed 77824K, reserved 1179648K
  class space    used 7923K, committed 8704K, reserved 1048576K
}
Event: 871.737 GC heap after
{Heap after GC invocations=1858 (full 3):
 PSYoungGen      total 5632K, used 1024K [0x00000000d5580000, 0x00000000d5d00000, 0x0000000100000000)
  eden space 2560K, 0% used [0x00000000d5580000,0x00000000d5580000,0x00000000d5800000)
  from space 3072K, 33% used [0x00000000d5880000,0x00000000d5980000,0x00000000d5b80000)
  to   space 1536K, 0% used [0x00000000d5b80000,0x00000000d5b80000,0x00000000d5d00000)
 ParOldGen       total 945152K, used 944930K [0x0000000080000000, 0x00000000b9b00000, 0x00000000d5580000)
  object space 945152K, 99% used [0x0000000080000000,0x00000000b9ac8920,0x00000000b9b00000)
 Metaspace       used 76141K, committed 77824K, reserved 1179648K
  class space    used 7923K, committed 8704K, reserved 1048576K
}
Event: 872.021 GC heap before
{Heap before GC invocations=1859 (full 3):
 PSYoungGen      total 5632K, used 3583K [0x00000000d5580000, 0x00000000d5d00000, 0x0000000100000000)
  eden space 2560K, 99% used [0x00000000d5580000,0x00000000d57ffff0,0x00000000d5800000)
  from space 3072K, 33% used [0x00000000d5880000,0x00000000d5980000,0x00000000d5b80000)
  to   space 1536K, 0% used [0x00000000d5b80000,0x00000000d5b80000,0x00000000d5d00000)
 ParOldGen       total 945152K, used 944930K [0x0000000080000000, 0x00000000b9b00000, 0x00000000d5580000)
  object space 945152K, 99% used [0x0000000080000000,0x00000000b9ac8920,0x00000000b9b00000)
 Metaspace       used 76292K, committed 78016K, reserved 1179648K
  class space    used 7923K, committed 8704K, reserved 1048576K
}
Event: 872.030 GC heap after
{Heap after GC invocations=1859 (full 3):
 PSYoungGen      total 3584K, used 992K [0x00000000d5580000, 0x00000000d5c80000, 0x0000000100000000)
  eden space 2560K, 0% used [0x00000000d5580000,0x00000000d5580000,0x00000000d5800000)
  from space 1024K, 96% used [0x00000000d5b80000,0x00000000d5c78000,0x00000000d5c80000)
  to   space 1536K, 0% used [0x00000000d5980000,0x00000000d5980000,0x00000000d5b00000)
 ParOldGen       total 946176K, used 945858K [0x0000000080000000, 0x00000000b9c00000, 0x00000000d5580000)
  object space 946176K, 99% used [0x0000000080000000,0x00000000b9bb0920,0x00000000b9c00000)
 Metaspace       used 76292K, committed 78016K, reserved 1179648K
  class space    used 7923K, committed 8704K, reserved 1048576K
}
Event: 872.097 GC heap before
{Heap before GC invocations=1860 (full 3):
 PSYoungGen      total 3584K, used 3551K [0x00000000d5580000, 0x00000000d5c80000, 0x0000000100000000)
  eden space 2560K, 99% used [0x00000000d5580000,0x00000000d57fffe0,0x00000000d5800000)
  from space 1024K, 96% used [0x00000000d5b80000,0x00000000d5c78000,0x00000000d5c80000)
  to   space 1536K, 0% used [0x00000000d5980000,0x00000000d5980000,0x00000000d5b00000)
 ParOldGen       total 946176K, used 945858K [0x0000000080000000, 0x00000000b9c00000, 0x00000000d5580000)
  object space 946176K, 99% used [0x0000000080000000,0x00000000b9bb0920,0x00000000b9c00000)
 Metaspace       used 76292K, committed 78016K, reserved 1179648K
  class space    used 7923K, committed 8704K, reserved 1048576K
}
Event: 873.112 GC heap after
{Heap after GC invocations=1860 (full 3):
 PSYoungGen      total 4608K, used 644K [0x00000000d5580000, 0x00000000d5c00000, 0x0000000100000000)
  eden space 3072K, 0% used [0x00000000d5580000,0x00000000d5580000,0x00000000d5880000)
  from space 1536K, 41% used [0x00000000d5980000,0x00000000d5a21230,0x00000000d5b00000)
  to   space 1024K, 0% used [0x00000000d5b00000,0x00000000d5b00000,0x00000000d5c00000)
 ParOldGen       total 947200K, used 946768K [0x0000000080000000, 0x00000000b9d00000, 0x00000000d5580000)
  object space 947200K, 99% used [0x0000000080000000,0x00000000b9c940a0,0x00000000b9d00000)
 Metaspace       used 76292K, committed 78016K, reserved 1179648K
  class space    used 7923K, committed 8704K, reserved 1048576K
}
Event: 873.297 GC heap before
{Heap before GC invocations=1861 (full 3):
 PSYoungGen      total 4608K, used 3716K [0x00000000d5580000, 0x00000000d5c00000, 0x0000000100000000)
  eden space 3072K, 100% used [0x00000000d5580000,0x00000000d5880000,0x00000000d5880000)
  from space 1536K, 41% used [0x00000000d5980000,0x00000000d5a21230,0x00000000d5b00000)
  to   space 1024K, 0% used [0x00000000d5b00000,0x00000000d5b00000,0x00000000d5c00000)
 ParOldGen       total 947200K, used 946768K [0x0000000080000000, 0x00000000b9d00000, 0x00000000d5580000)
  object space 947200K, 99% used [0x0000000080000000,0x00000000b9c940a0,0x00000000b9d00000)
 Metaspace       used 76296K, committed 78016K, reserved 1179648K
  class space    used 7924K, committed 8704K, reserved 1048576K
}
Event: 874.294 GC heap after
{Heap after GC invocations=1861 (full 3):
 PSYoungGen      total 5120K, used 704K [0x00000000d5580000, 0x00000000d5c00000, 0x0000000100000000)
  eden space 4096K, 0% used [0x00000000d5580000,0x00000000d5580000,0x00000000d5980000)
  from space 1024K, 68% used [0x00000000d5b00000,0x00000000d5bb0000,0x00000000d5c00000)
  to   space 1024K, 0% used [0x00000000d5a00000,0x00000000d5a00000,0x00000000d5b00000)
 ParOldGen       total 947712K, used 947306K [0x0000000080000000, 0x00000000b9d80000, 0x00000000d5580000)
  object space 947712K, 99% used [0x0000000080000000,0x00000000b9d1ab50,0x00000000b9d80000)
 Metaspace       used 76296K, committed 78016K, reserved 1179648K
  class space    used 7924K, committed 8704K, reserved 1048576K
}

